{"meta": {"format": 3, "version": "7.9.2", "timestamp": "2025-07-08T20:14:56.894110", "branch_coverage": false, "show_contexts": false}, "files": {"resources/lib/episode.py": {"executed_lines": [1, 2, 3, 4, 5, 6, 7, 8, 9, 10, 11, 12, 18, 19, 67, 72, 76, 108, 127, 151, 185, 233, 249, 256, 348, 358, 364, 392, 399], "summary": {"covered_lines": 29, "num_statements": 227, "percent_covered": 12.775330396475772, "percent_covered_display": "12.78", "missing_lines": 198, "excluded_lines": 6}, "missing_lines": [21, 22, 25, 26, 27, 28, 31, 32, 33, 34, 36, 37, 40, 41, 42, 43, 46, 47, 48, 49, 52, 53, 54, 55, 58, 59, 60, 61, 62, 63, 64, 65, 68, 69, 70, 73, 86, 89, 94, 95, 98, 101, 102, 103, 105, 114, 117, 118, 121, 122, 124, 129, 132, 133, 134, 137, 142, 143, 145, 146, 147, 148, 154, 155, 156, 157, 159, 160, 161, 162, 163, 165, 166, 167, 169, 170, 171, 172, 173, 175, 176, 178, 180, 187, 188, 190, 193, 194, 196, 197, 198, 199, 200, 202, 203, 205, 206, 208, 209, 211, 212, 213, 214, 215, 217, 220, 222, 223, 225, 227, 235, 236, 239, 242, 245, 247, 251, 252, 253, 254, 268, 271, 272, 275, 276, 279, 280, 282, 283, 285, 286, 287, 289, 291, 292, 293, 296, 297, 299, 300, 303, 304, 305, 306, 308, 309, 311, 312, 313, 314, 315, 316, 317, 318, 319, 320, 321, 322, 325, 326, 328, 330, 331, 333, 335, 336, 341, 344, 345, 350, 351, 352, 353, 354, 355, 356, 360, 361, 362, 366, 369, 370, 372, 373, 374, 377, 379, 380, 382, 384, 385, 386, 387, 388, 390, 394, 395, 396], "excluded_lines": [149, 181, 324, 329, 334, 389], "functions": {"Episode.__init__": {"executed_lines": [], "summary": {"covered_lines": 0, "num_statements": 32, "percent_covered": 0.0, "percent_covered_display": "0.00", "missing_lines": 32, "excluded_lines": 0}, "missing_lines": [21, 22, 25, 26, 27, 28, 31, 32, 33, 34, 36, 37, 40, 41, 42, 43, 46, 47, 48, 49, 52, 53, 54, 55, 58, 59, 60, 61, 62, 63, 64, 65], "excluded_lines": []}, "Episode.__eq__": {"executed_lines": [], "summary": {"covered_lines": 0, "num_statements": 3, "percent_covered": 0.0, "percent_covered_display": "0.00", "missing_lines": 3, "excluded_lines": 0}, "missing_lines": [68, 69, 70], "excluded_lines": []}, "Episode.__hash__": {"executed_lines": [], "summary": {"covered_lines": 0, "num_statements": 1, "percent_covered": 0.0, "percent_covered_display": "0.00", "missing_lines": 1, "excluded_lines": 0}, "missing_lines": [73], "excluded_lines": []}, "Episode._sanitize_filename": {"executed_lines": [], "summary": {"covered_lines": 0, "num_statements": 9, "percent_covered": 0.0, "percent_covered_display": "0.00", "missing_lines": 9, "excluded_lines": 0}, "missing_lines": [86, 89, 94, 95, 98, 101, 102, 103, 105], "excluded_lines": []}, "Episode.get_sanitized_folder_name": {"executed_lines": [], "summary": {"covered_lines": 0, "num_statements": 6, "percent_covered": 0.0, "percent_covered_display": "0.00", "missing_lines": 6, "excluded_lines": 0}, "missing_lines": [114, 117, 118, 121, 122, 124], "excluded_lines": []}, "Episode.create_strm_file": {"executed_lines": [], "summary": {"covered_lines": 0, "num_statements": 11, "percent_covered": 0.0, "percent_covered_display": "0.00", "missing_lines": 11, "excluded_lines": 1}, "missing_lines": [129, 132, 133, 134, 137, 142, 143, 145, 146, 147, 148], "excluded_lines": [149]}, "Episode.create_nfo_file": {"executed_lines": [], "summary": {"covered_lines": 0, "num_statements": 21, "percent_covered": 0.0, "percent_covered_display": "0.00", "missing_lines": 21, "excluded_lines": 1}, "missing_lines": [154, 155, 156, 157, 159, 160, 161, 162, 163, 165, 166, 167, 169, 170, 171, 172, 173, 175, 176, 178, 180], "excluded_lines": [181]}, "Episode._get_nfo_tree": {"executed_lines": [], "summary": {"covered_lines": 0, "num_statements": 27, "percent_covered": 0.0, "percent_covered_display": "0.00", "missing_lines": 27, "excluded_lines": 0}, "missing_lines": [187, 188, 190, 193, 194, 196, 197, 198, 199, 200, 202, 203, 205, 206, 208, 209, 211, 212, 213, 214, 215, 217, 220, 222, 223, 225, 227], "excluded_lines": []}, "Episode._get_imdb_url": {"executed_lines": [], "summary": {"covered_lines": 0, "num_statements": 6, "percent_covered": 0.0, "percent_covered_display": "0.00", "missing_lines": 6, "excluded_lines": 0}, "missing_lines": [235, 236, 239, 242, 245, 247], "excluded_lines": []}, "Episode._should_use_original_title": {"executed_lines": [], "summary": {"covered_lines": 0, "num_statements": 4, "percent_covered": 0.0, "percent_covered_display": "0.00", "missing_lines": 4, "excluded_lines": 0}, "missing_lines": [251, 252, 253, 254], "excluded_lines": []}, "Episode._attempt_fetch_with_titles": {"executed_lines": [], "summary": {"covered_lines": 0, "num_statements": 49, "percent_covered": 0.0, "percent_covered_display": "0.00", "missing_lines": 49, "excluded_lines": 3}, "missing_lines": [268, 271, 272, 275, 276, 279, 280, 282, 283, 285, 286, 287, 289, 291, 292, 293, 296, 297, 299, 300, 303, 304, 305, 306, 308, 309, 311, 312, 313, 314, 315, 316, 317, 318, 319, 320, 321, 322, 325, 326, 328, 330, 331, 333, 335, 336, 341, 344, 345], "excluded_lines": [324, 329, 334]}, "Episode._generate_alternative_titles": {"executed_lines": [], "summary": {"covered_lines": 0, "num_statements": 7, "percent_covered": 0.0, "percent_covered_display": "0.00", "missing_lines": 7, "excluded_lines": 0}, "missing_lines": [350, 351, 352, 353, 354, 355, 356], "excluded_lines": []}, "Episode._is_unauthorized_request": {"executed_lines": [], "summary": {"covered_lines": 0, "num_statements": 3, "percent_covered": 0.0, "percent_covered_display": "0.00", "missing_lines": 3, "excluded_lines": 0}, "missing_lines": [360, 361, 362], "excluded_lines": []}, "Episode._make_omdb_request": {"executed_lines": [], "summary": {"covered_lines": 0, "num_statements": 16, "percent_covered": 0.0, "percent_covered_display": "0.00", "missing_lines": 16, "excluded_lines": 1}, "missing_lines": [366, 369, 370, 372, 373, 374, 377, 379, 380, 382, 384, 385, 386, 387, 388, 390], "excluded_lines": [389]}, "Episode._normalize_title": {"executed_lines": [], "summary": {"covered_lines": 0, "num_statements": 3, "percent_covered": 0.0, "percent_covered_display": "0.00", "missing_lines": 3, "excluded_lines": 0}, "missing_lines": [394, 395, 396], "excluded_lines": []}, "": {"executed_lines": [1, 2, 3, 4, 5, 6, 7, 8, 9, 10, 11, 12, 18, 19, 67, 72, 76, 108, 127, 151, 185, 233, 249, 256, 348, 358, 364, 392, 399], "summary": {"covered_lines": 29, "num_statements": 29, "percent_covered": 100.0, "percent_covered_display": "100.00", "missing_lines": 0, "excluded_lines": 0}, "missing_lines": [], "excluded_lines": []}}, "classes": {"Episode": {"executed_lines": [], "summary": {"covered_lines": 0, "num_statements": 198, "percent_covered": 0.0, "percent_covered_display": "0.00", "missing_lines": 198, "excluded_lines": 6}, "missing_lines": [21, 22, 25, 26, 27, 28, 31, 32, 33, 34, 36, 37, 40, 41, 42, 43, 46, 47, 48, 49, 52, 53, 54, 55, 58, 59, 60, 61, 62, 63, 64, 65, 68, 69, 70, 73, 86, 89, 94, 95, 98, 101, 102, 103, 105, 114, 117, 118, 121, 122, 124, 129, 132, 133, 134, 137, 142, 143, 145, 146, 147, 148, 154, 155, 156, 157, 159, 160, 161, 162, 163, 165, 166, 167, 169, 170, 171, 172, 173, 175, 176, 178, 180, 187, 188, 190, 193, 194, 196, 197, 198, 199, 200, 202, 203, 205, 206, 208, 209, 211, 212, 213, 214, 215, 217, 220, 222, 223, 225, 227, 235, 236, 239, 242, 245, 247, 251, 252, 253, 254, 268, 271, 272, 275, 276, 279, 280, 282, 283, 285, 286, 287, 289, 291, 292, 293, 296, 297, 299, 300, 303, 304, 305, 306, 308, 309, 311, 312, 313, 314, 315, 316, 317, 318, 319, 320, 321, 322, 325, 326, 328, 330, 331, 333, 335, 336, 341, 344, 345, 350, 351, 352, 353, 354, 355, 356, 360, 361, 362, 366, 369, 370, 372, 373, 374, 377, 379, 380, 382, 384, 385, 386, 387, 388, 390, 394, 395, 396], "excluded_lines": [149, 181, 324, 329, 334, 389]}, "": {"executed_lines": [1, 2, 3, 4, 5, 6, 7, 8, 9, 10, 11, 12, 18, 19, 67, 72, 76, 108, 127, 151, 185, 233, 249, 256, 348, 358, 364, 392, 399], "summary": {"covered_lines": 29, "num_statements": 29, "percent_covered": 100.0, "percent_covered_display": "100.00", "missing_lines": 0, "excluded_lines": 0}, "missing_lines": [], "excluded_lines": []}}}, "resources/lib/episode_metadata.py": {"executed_lines": [1, 2, 5, 6, 35, 41], "summary": {"covered_lines": 5, "num_statements": 22, "percent_covered": 22.727272727272727, "percent_covered_display": "22.73", "missing_lines": 17, "excluded_lines": 7}, "missing_lines": [20, 21, 22, 23, 24, 25, 26, 27, 28, 29, 30, 31, 32, 47, 48, 61, 63], "excluded_lines": [33, 35, 36, 37, 38, 39, 62], "functions": {"EpisodeMetadata.__init__": {"executed_lines": [], "summary": {"covered_lines": 0, "num_statements": 13, "percent_covered": 0.0, "percent_covered_display": "0.00", "missing_lines": 13, "excluded_lines": 1}, "missing_lines": [20, 21, 22, 23, 24, 25, 26, 27, 28, 29, 30, 31, 32], "excluded_lines": [33]}, "EpisodeMetadata.__repr__": {"executed_lines": [], "summary": {"covered_lines": 0, "num_statements": 0, "percent_covered": 100.0, "percent_covered_display": "100.00", "missing_lines": 0, "excluded_lines": 4}, "missing_lines": [], "excluded_lines": [36, 37, 38, 39]}, "EpisodeMetadata.as_dict": {"executed_lines": [], "summary": {"covered_lines": 0, "num_statements": 4, "percent_covered": 0.0, "percent_covered_display": "0.00", "missing_lines": 4, "excluded_lines": 1}, "missing_lines": [47, 48, 61, 63], "excluded_lines": [62]}, "": {"executed_lines": [1, 2, 5, 6, 35, 41], "summary": {"covered_lines": 5, "num_statements": 5, "percent_covered": 100.0, "percent_covered_display": "100.00", "missing_lines": 0, "excluded_lines": 1}, "missing_lines": [], "excluded_lines": [35]}}, "classes": {"EpisodeMetadata": {"executed_lines": [], "summary": {"covered_lines": 0, "num_statements": 17, "percent_covered": 0.0, "percent_covered_display": "0.00", "missing_lines": 17, "excluded_lines": 6}, "missing_lines": [20, 21, 22, 23, 24, 25, 26, 27, 28, 29, 30, 31, 32, 47, 48, 61, 63], "excluded_lines": [33, 36, 37, 38, 39, 62]}, "": {"executed_lines": [1, 2, 5, 6, 35, 41], "summary": {"covered_lines": 5, "num_statements": 5, "percent_covered": 100.0, "percent_covered_display": "100.00", "missing_lines": 0, "excluded_lines": 1}, "missing_lines": [], "excluded_lines": [35]}}}, "resources/lib/film.py": {"executed_lines": [1, 2, 3, 4, 5, 6, 7, 8, 9, 10, 11, 17, 18, 20, 21, 24, 26, 30, 32, 33, 36, 38, 42, 45, 46, 47, 48, 49, 50, 52, 53, 54, 55, 57, 58, 60, 62, 66, 70, 71, 75, 78, 81, 83, 84, 86, 96, 99, 102, 103, 106, 111, 115, 118, 122, 123, 126, 129, 135, 136, 139, 141, 144, 145, 146, 149, 154, 155, 157, 158, 159, 163, 166, 167, 168, 169, 171, 172, 173, 174, 175, 177, 178, 179, 181, 182, 183, 185, 187, 190, 192, 193, 197, 199, 202, 204, 205, 207, 208, 209, 210, 211, 213, 214, 215, 217, 218, 220, 221, 223, 224, 226, 227, 228, 229, 230, 232, 233, 235, 238, 240, 241, 245, 251, 253, 254, 257, 260, 263, 265, 267, 269, 270, 271, 272, 274, 286, 289, 290, 293, 294, 297, 298, 300, 301, 303, 304, 307, 309, 310, 311, 314, 315, 317, 318, 321, 322, 323, 324, 326, 327, 329, 346, 347, 348, 349, 351, 359, 362, 363, 366, 368, 369, 370, 374, 376, 382, 393, 395, 396, 397, 400], "summary": {"covered_lines": 180, "num_statements": 227, "percent_covered": 79.29515418502203, "percent_covered_display": "79.30", "missing_lines": 47, "excluded_lines": 6}, "missing_lines": [25, 27, 31, 37, 39, 43, 63, 67, 72, 76, 112, 119, 124, 160, 184, 188, 200, 243, 305, 330, 331, 332, 333, 334, 335, 336, 337, 338, 339, 340, 343, 344, 353, 354, 371, 372, 373, 378, 379, 380, 384, 385, 386, 387, 388, 389, 391], "excluded_lines": [161, 193, 342, 347, 352, 390], "functions": {"Film.__init__": {"executed_lines": [20, 21, 24, 26, 30, 32, 33, 36, 38, 42, 45, 46, 47, 48, 49, 50], "summary": {"covered_lines": 16, "num_statements": 22, "percent_covered": 72.72727272727273, "percent_covered_display": "72.73", "missing_lines": 6, "excluded_lines": 0}, "missing_lines": [25, 27, 31, 37, 39, 43], "excluded_lines": []}, "Film.__eq__": {"executed_lines": [53, 54, 55], "summary": {"covered_lines": 3, "num_statements": 3, "percent_covered": 100.0, "percent_covered_display": "100.00", "missing_lines": 0, "excluded_lines": 0}, "missing_lines": [], "excluded_lines": []}, "Film.__hash__": {"executed_lines": [58], "summary": {"covered_lines": 1, "num_statements": 1, "percent_covered": 100.0, "percent_covered_display": "100.00", "missing_lines": 0, "excluded_lines": 0}, "missing_lines": [], "excluded_lines": []}, "Film._is_valid_url": {"executed_lines": [62, 66, 70, 71, 75, 78], "summary": {"covered_lines": 6, "num_statements": 10, "percent_covered": 60.0, "percent_covered_display": "60.00", "missing_lines": 4, "excluded_lines": 0}, "missing_lines": [63, 67, 72, 76], "excluded_lines": []}, "Film.add_category": {"executed_lines": [83, 84], "summary": {"covered_lines": 2, "num_statements": 2, "percent_covered": 100.0, "percent_covered_display": "100.00", "missing_lines": 0, "excluded_lines": 0}, "missing_lines": [], "excluded_lines": []}, "Film._sanitize_filename": {"executed_lines": [96, 99, 102, 103, 106, 111, 115, 118, 122, 123, 126], "summary": {"covered_lines": 11, "num_statements": 14, "percent_covered": 78.57142857142857, "percent_covered_display": "78.57", "missing_lines": 3, "excluded_lines": 0}, "missing_lines": [112, 119, 124], "excluded_lines": []}, "Film.get_sanitized_folder_name": {"executed_lines": [135, 136], "summary": {"covered_lines": 2, "num_statements": 2, "percent_covered": 100.0, "percent_covered_display": "100.00", "missing_lines": 0, "excluded_lines": 0}, "missing_lines": [], "excluded_lines": []}, "Film.create_strm_file": {"executed_lines": [141, 144, 145, 146, 149, 154, 155, 157, 158, 159], "summary": {"covered_lines": 10, "num_statements": 11, "percent_covered": 90.9090909090909, "percent_covered_display": "90.91", "missing_lines": 1, "excluded_lines": 1}, "missing_lines": [160], "excluded_lines": [161]}, "Film.create_nfo_file": {"executed_lines": [166, 167, 168, 169, 171, 172, 173, 174, 175, 177, 178, 179, 181, 182, 183, 185, 187, 190, 192, 193], "summary": {"covered_lines": 19, "num_statements": 21, "percent_covered": 90.47619047619048, "percent_covered_display": "90.48", "missing_lines": 2, "excluded_lines": 1}, "missing_lines": [184, 188], "excluded_lines": [193]}, "Film._get_nfo_tree": {"executed_lines": [199, 202, 204, 205, 207, 208, 209, 210, 211, 213, 214, 215, 217, 218, 220, 221, 223, 224, 226, 227, 228, 229, 230, 232, 233, 235, 238, 240, 241, 245], "summary": {"covered_lines": 30, "num_statements": 32, "percent_covered": 93.75, "percent_covered_display": "93.75", "missing_lines": 2, "excluded_lines": 0}, "missing_lines": [200, 243], "excluded_lines": []}, "Film._get_imdb_url": {"executed_lines": [253, 254, 257, 260, 263, 265], "summary": {"covered_lines": 6, "num_statements": 6, "percent_covered": 100.0, "percent_covered_display": "100.00", "missing_lines": 0, "excluded_lines": 0}, "missing_lines": [], "excluded_lines": []}, "Film._should_use_original_title": {"executed_lines": [269, 270, 271, 272], "summary": {"covered_lines": 4, "num_statements": 4, "percent_covered": 100.0, "percent_covered_display": "100.00", "missing_lines": 0, "excluded_lines": 0}, "missing_lines": [], "excluded_lines": []}, "Film._attempt_fetch_with_titles": {"executed_lines": [286, 289, 290, 293, 294, 297, 298, 300, 301, 303, 304, 307, 309, 310, 311, 314, 315, 317, 318, 321, 322, 323, 324, 326, 327, 329, 346, 347, 348, 349, 351, 359, 362, 363], "summary": {"covered_lines": 33, "num_statements": 49, "percent_covered": 67.34693877551021, "percent_covered_display": "67.35", "missing_lines": 16, "excluded_lines": 3}, "missing_lines": [305, 330, 331, 332, 333, 334, 335, 336, 337, 338, 339, 340, 343, 344, 353, 354], "excluded_lines": [342, 347, 352]}, "Film._generate_alternative_titles": {"executed_lines": [368, 369, 370, 374], "summary": {"covered_lines": 4, "num_statements": 7, "percent_covered": 57.142857142857146, "percent_covered_display": "57.14", "missing_lines": 3, "excluded_lines": 0}, "missing_lines": [371, 372, 373], "excluded_lines": []}, "Film._is_unauthorized_request": {"executed_lines": [], "summary": {"covered_lines": 0, "num_statements": 3, "percent_covered": 0.0, "percent_covered_display": "0.00", "missing_lines": 3, "excluded_lines": 0}, "missing_lines": [378, 379, 380], "excluded_lines": []}, "Film._make_omdb_request": {"executed_lines": [], "summary": {"covered_lines": 0, "num_statements": 7, "percent_covered": 0.0, "percent_covered_display": "0.00", "missing_lines": 7, "excluded_lines": 1}, "missing_lines": [384, 385, 386, 387, 388, 389, 391], "excluded_lines": [390]}, "Film._normalize_title": {"executed_lines": [395, 396, 397], "summary": {"covered_lines": 3, "num_statements": 3, "percent_covered": 100.0, "percent_covered_display": "100.00", "missing_lines": 0, "excluded_lines": 0}, "missing_lines": [], "excluded_lines": []}, "": {"executed_lines": [1, 2, 3, 4, 5, 6, 7, 8, 9, 10, 11, 17, 18, 52, 57, 60, 81, 86, 129, 139, 163, 197, 251, 267, 274, 366, 376, 382, 393, 400], "summary": {"covered_lines": 30, "num_statements": 30, "percent_covered": 100.0, "percent_covered_display": "100.00", "missing_lines": 0, "excluded_lines": 0}, "missing_lines": [], "excluded_lines": []}}, "classes": {"Film": {"executed_lines": [20, 21, 24, 26, 30, 32, 33, 36, 38, 42, 45, 46, 47, 48, 49, 50, 53, 54, 55, 58, 62, 66, 70, 71, 75, 78, 83, 84, 96, 99, 102, 103, 106, 111, 115, 118, 122, 123, 126, 135, 136, 141, 144, 145, 146, 149, 154, 155, 157, 158, 159, 166, 167, 168, 169, 171, 172, 173, 174, 175, 177, 178, 179, 181, 182, 183, 185, 187, 190, 192, 193, 199, 202, 204, 205, 207, 208, 209, 210, 211, 213, 214, 215, 217, 218, 220, 221, 223, 224, 226, 227, 228, 229, 230, 232, 233, 235, 238, 240, 241, 245, 253, 254, 257, 260, 263, 265, 269, 270, 271, 272, 286, 289, 290, 293, 294, 297, 298, 300, 301, 303, 304, 307, 309, 310, 311, 314, 315, 317, 318, 321, 322, 323, 324, 326, 327, 329, 346, 347, 348, 349, 351, 359, 362, 363, 368, 369, 370, 374, 395, 396, 397], "summary": {"covered_lines": 150, "num_statements": 197, "percent_covered": 76.14213197969544, "percent_covered_display": "76.14", "missing_lines": 47, "excluded_lines": 6}, "missing_lines": [25, 27, 31, 37, 39, 43, 63, 67, 72, 76, 112, 119, 124, 160, 184, 188, 200, 243, 305, 330, 331, 332, 333, 334, 335, 336, 337, 338, 339, 340, 343, 344, 353, 354, 371, 372, 373, 378, 379, 380, 384, 385, 386, 387, 388, 389, 391], "excluded_lines": [161, 193, 342, 347, 352, 390]}, "": {"executed_lines": [1, 2, 3, 4, 5, 6, 7, 8, 9, 10, 11, 17, 18, 52, 57, 60, 81, 86, 129, 139, 163, 197, 251, 267, 274, 366, 376, 382, 393, 400], "summary": {"covered_lines": 30, "num_statements": 30, "percent_covered": 100.0, "percent_covered_display": "100.00", "missing_lines": 0, "excluded_lines": 0}, "missing_lines": [], "excluded_lines": []}}}, "resources/lib/film_library.py": {"executed_lines": [1, 2, 3, 4, 5, 6, 7, 8, 9, 10, 12, 13, 14, 16, 17, 19, 20, 22, 23, 25, 34, 37, 38, 39, 42, 43, 45, 47, 48, 49, 52, 53, 54, 57, 58, 59, 62, 63, 64, 65, 66, 71, 74, 82, 89, 92, 94, 98, 101, 104, 105, 108, 109, 111, 113, 116, 117, 121, 122, 126, 128, 130, 147, 148, 151, 152, 154, 156, 157, 158, 159, 160, 161, 163, 165, 166, 169, 170, 173, 174, 179, 180, 181, 184, 185, 186, 188, 190, 192, 194, 195, 196, 197, 202, 210, 213, 216, 217, 218, 220, 221, 223], "summary": {"covered_lines": 100, "num_statements": 102, "percent_covered": 98.03921568627452, "percent_covered_display": "98.04", "missing_lines": 2, "excluded_lines": 2}, "missing_lines": [18, 67], "excluded_lines": [160, 192], "functions": {"Film_Library.__init__": {"executed_lines": [14], "summary": {"covered_lines": 1, "num_statements": 1, "percent_covered": 100.0, "percent_covered_display": "100.00", "missing_lines": 0, "excluded_lines": 0}, "missing_lines": [], "excluded_lines": []}, "Film_Library.add_film": {"executed_lines": [17, 19, 20], "summary": {"covered_lines": 3, "num_statements": 4, "percent_covered": 75.0, "percent_covered_display": "75.00", "missing_lines": 1, "excluded_lines": 0}, "missing_lines": [18], "excluded_lines": []}, "Film_Library.__len__": {"executed_lines": [23], "summary": {"covered_lines": 1, "num_statements": 1, "percent_covered": 100.0, "percent_covered_display": "100.00", "missing_lines": 0, "excluded_lines": 0}, "missing_lines": [], "excluded_lines": []}, "Film_Library.sync_locally": {"executed_lines": [34, 37, 38, 39, 42, 43, 45, 47, 48, 49, 52, 53, 54, 57, 58, 59, 62, 63, 64, 65, 66, 71, 74, 82, 89, 92], "summary": {"covered_lines": 26, "num_statements": 27, "percent_covered": 96.29629629629629, "percent_covered_display": "96.30", "missing_lines": 1, "excluded_lines": 0}, "missing_lines": [67], "excluded_lines": []}, "Film_Library.filter_films_by_genre": {"executed_lines": [98, 101, 104, 105, 108, 109, 111, 113, 116, 117, 121, 122], "summary": {"covered_lines": 12, "num_statements": 12, "percent_covered": 100.0, "percent_covered_display": "100.00", "missing_lines": 0, "excluded_lines": 0}, "missing_lines": [], "excluded_lines": []}, "Film_Library.is_film_valid": {"executed_lines": [128], "summary": {"covered_lines": 1, "num_statements": 1, "percent_covered": 100.0, "percent_covered_display": "100.00", "missing_lines": 0, "excluded_lines": 0}, "missing_lines": [], "excluded_lines": []}, "Film_Library.prepare_files_for_film": {"executed_lines": [147, 148, 151, 152, 154, 156, 157, 158, 159, 160, 161, 163, 165, 166, 169, 170, 173, 174, 179, 180, 181, 184, 185, 186, 188, 190, 192, 194, 195, 196, 197], "summary": {"covered_lines": 29, "num_statements": 29, "percent_covered": 100.0, "percent_covered_display": "100.00", "missing_lines": 0, "excluded_lines": 2}, "missing_lines": [], "excluded_lines": [160, 192]}, "Film_Library.remove_obsolete_files": {"executed_lines": [210, 213, 216, 217, 218, 220, 221, 223], "summary": {"covered_lines": 8, "num_statements": 8, "percent_covered": 100.0, "percent_covered_display": "100.00", "missing_lines": 0, "excluded_lines": 0}, "missing_lines": [], "excluded_lines": []}, "": {"executed_lines": [1, 2, 3, 4, 5, 6, 7, 8, 9, 10, 12, 13, 16, 22, 25, 94, 126, 130, 202], "summary": {"covered_lines": 19, "num_statements": 19, "percent_covered": 100.0, "percent_covered_display": "100.00", "missing_lines": 0, "excluded_lines": 0}, "missing_lines": [], "excluded_lines": []}}, "classes": {"Film_Library": {"executed_lines": [14, 17, 19, 20, 23, 34, 37, 38, 39, 42, 43, 45, 47, 48, 49, 52, 53, 54, 57, 58, 59, 62, 63, 64, 65, 66, 71, 74, 82, 89, 92, 98, 101, 104, 105, 108, 109, 111, 113, 116, 117, 121, 122, 128, 147, 148, 151, 152, 154, 156, 157, 158, 159, 160, 161, 163, 165, 166, 169, 170, 173, 174, 179, 180, 181, 184, 185, 186, 188, 190, 192, 194, 195, 196, 197, 210, 213, 216, 217, 218, 220, 221, 223], "summary": {"covered_lines": 81, "num_statements": 83, "percent_covered": 97.59036144578313, "percent_covered_display": "97.59", "missing_lines": 2, "excluded_lines": 2}, "missing_lines": [18, 67], "excluded_lines": [160, 192]}, "": {"executed_lines": [1, 2, 3, 4, 5, 6, 7, 8, 9, 10, 12, 13, 16, 22, 25, 94, 126, 130, 202], "summary": {"covered_lines": 19, "num_statements": 19, "percent_covered": 100.0, "percent_covered_display": "100.00", "missing_lines": 0, "excluded_lines": 0}, "missing_lines": [], "excluded_lines": []}}}, "resources/lib/film_metadata.py": {"executed_lines": [1, 2, 5, 6, 24, 25, 26, 27, 28, 29, 30, 31, 32, 33, 34, 35, 36, 37, 38, 39, 43, 44, 49, 55, 56], "summary": {"covered_lines": 23, "num_statements": 26, "percent_covered": 88.46153846153847, "percent_covered_display": "88.46", "missing_lines": 3, "excluded_lines": 7}, "missing_lines": [40, 73, 75], "excluded_lines": [41, 43, 44, 45, 46, 47, 74], "functions": {"FilmMetadata.__init__": {"executed_lines": [24, 25, 26, 27, 28, 29, 30, 31, 32, 33, 34, 35, 36, 37, 38, 39], "summary": {"covered_lines": 16, "num_statements": 17, "percent_covered": 94.11764705882354, "percent_covered_display": "94.12", "missing_lines": 1, "excluded_lines": 1}, "missing_lines": [40], "excluded_lines": [41]}, "FilmMetadata.__repr__": {"executed_lines": [44], "summary": {"covered_lines": 0, "num_statements": 0, "percent_covered": 100.0, "percent_covered_display": "100.00", "missing_lines": 0, "excluded_lines": 4}, "missing_lines": [], "excluded_lines": [44, 45, 46, 47]}, "FilmMetadata.as_dict": {"executed_lines": [55, 56], "summary": {"covered_lines": 2, "num_statements": 4, "percent_covered": 50.0, "percent_covered_display": "50.00", "missing_lines": 2, "excluded_lines": 1}, "missing_lines": [73, 75], "excluded_lines": [74]}, "": {"executed_lines": [1, 2, 5, 6, 43, 49], "summary": {"covered_lines": 5, "num_statements": 5, "percent_covered": 100.0, "percent_covered_display": "100.00", "missing_lines": 0, "excluded_lines": 1}, "missing_lines": [], "excluded_lines": [43]}}, "classes": {"FilmMetadata": {"executed_lines": [24, 25, 26, 27, 28, 29, 30, 31, 32, 33, 34, 35, 36, 37, 38, 39, 44, 55, 56], "summary": {"covered_lines": 18, "num_statements": 21, "percent_covered": 85.71428571428571, "percent_covered_display": "85.71", "missing_lines": 3, "excluded_lines": 6}, "missing_lines": [40, 73, 75], "excluded_lines": [41, 44, 45, 46, 47, 74]}, "": {"executed_lines": [1, 2, 5, 6, 43, 49], "summary": {"covered_lines": 5, "num_statements": 5, "percent_covered": 100.0, "percent_covered_display": "100.00", "missing_lines": 0, "excluded_lines": 1}, "missing_lines": [], "excluded_lines": [43]}}}, "resources/lib/migrations.py": {"executed_lines": [2, 3, 4, 5, 7, 9, 10, 13, 16, 18, 19, 20, 22, 24, 33, 34, 35, 79, 81, 82, 83, 85, 87, 96, 97, 98, 142, 143, 144, 145, 146, 147, 148, 149, 151, 152, 153, 154, 155, 157, 158, 159, 160, 161, 162, 163, 164, 167, 169, 170, 181, 183, 185, 186, 190, 192, 193, 198, 200, 202], "summary": {"covered_lines": 58, "num_statements": 140, "percent_covered": 41.42857142857143, "percent_covered_display": "41.43", "missing_lines": 82, "excluded_lines": 6}, "missing_lines": [14, 26, 27, 28, 29, 30, 37, 40, 41, 42, 43, 44, 45, 46, 48, 50, 51, 52, 54, 56, 57, 59, 60, 61, 63, 64, 67, 68, 71, 73, 75, 77, 89, 90, 91, 92, 93, 100, 103, 104, 105, 108, 109, 110, 111, 112, 113, 114, 116, 118, 120, 121, 123, 124, 125, 127, 128, 131, 132, 134, 136, 138, 140, 187, 188, 194, 207, 209, 212, 213, 214, 217, 219, 221, 222, 225, 226, 232, 234, 236, 238, 240], "excluded_lines": [76, 139, 154, 164, 195, 239], "functions": {"add_mubi_sources": {"executed_lines": [9, 10, 13], "summary": {"covered_lines": 3, "num_statements": 4, "percent_covered": 75.0, "percent_covered_display": "75.00", "missing_lines": 1, "excluded_lines": 0}, "missing_lines": [14], "excluded_lines": []}, "add_mubi_movies_source": {"executed_lines": [18, 19, 20, 22, 24, 33, 34, 35], "summary": {"covered_lines": 8, "num_statements": 39, "percent_covered": 20.512820512820515, "percent_covered_display": "20.51", "missing_lines": 31, "excluded_lines": 1}, "missing_lines": [26, 27, 28, 29, 30, 37, 40, 41, 42, 43, 44, 45, 46, 48, 50, 51, 52, 54, 56, 57, 59, 60, 61, 63, 64, 67, 68, 71, 73, 75, 77], "excluded_lines": [76]}, "add_mubi_series_source": {"executed_lines": [81, 82, 83, 85, 87, 96, 97, 98], "summary": {"covered_lines": 8, "num_statements": 39, "percent_covered": 20.512820512820515, "percent_covered_display": "20.51", "missing_lines": 31, "excluded_lines": 1}, "missing_lines": [89, 90, 91, 92, 93, 100, 103, 104, 105, 108, 109, 110, 111, 112, 113, 114, 116, 118, 120, 121, 123, 124, 125, 127, 128, 131, 132, 134, 136, 138, 140], "excluded_lines": [139]}, "read_xml": {"executed_lines": [143, 144, 145, 146, 147, 148, 149, 151, 152, 153, 154, 155], "summary": {"covered_lines": 11, "num_statements": 11, "percent_covered": 100.0, "percent_covered_display": "100.00", "missing_lines": 0, "excluded_lines": 1}, "missing_lines": [], "excluded_lines": [154]}, "write_xml": {"executed_lines": [158, 159, 160, 161, 162, 163, 164], "summary": {"covered_lines": 6, "num_statements": 6, "percent_covered": 100.0, "percent_covered_display": "100.00", "missing_lines": 0, "excluded_lines": 1}, "missing_lines": [], "excluded_lines": [164]}, "show_sources_added_message": {"executed_lines": [169, 170, 181], "summary": {"covered_lines": 3, "num_statements": 3, "percent_covered": 100.0, "percent_covered_display": "100.00", "missing_lines": 0, "excluded_lines": 0}, "missing_lines": [], "excluded_lines": []}, "is_first_run": {"executed_lines": [185, 186], "summary": {"covered_lines": 2, "num_statements": 4, "percent_covered": 50.0, "percent_covered_display": "50.00", "missing_lines": 2, "excluded_lines": 0}, "missing_lines": [187, 188], "excluded_lines": []}, "mark_first_run": {"executed_lines": [192, 193], "summary": {"covered_lines": 2, "num_statements": 3, "percent_covered": 66.66666666666667, "percent_covered_display": "66.67", "missing_lines": 1, "excluded_lines": 1}, "missing_lines": [194], "excluded_lines": [195]}, "add_mubi_source": {"executed_lines": [200], "summary": {"covered_lines": 1, "num_statements": 1, "percent_covered": 100.0, "percent_covered_display": "100.00", "missing_lines": 0, "excluded_lines": 0}, "missing_lines": [], "excluded_lines": []}, "ensure_series_source_exists": {"executed_lines": [], "summary": {"covered_lines": 0, "num_statements": 16, "percent_covered": 0.0, "percent_covered_display": "0.00", "missing_lines": 16, "excluded_lines": 1}, "missing_lines": [207, 209, 212, 213, 214, 217, 219, 221, 222, 225, 226, 232, 234, 236, 238, 240], "excluded_lines": [239]}, "": {"executed_lines": [2, 3, 4, 5, 7, 16, 79, 142, 157, 167, 183, 190, 198, 202], "summary": {"covered_lines": 14, "num_statements": 14, "percent_covered": 100.0, "percent_covered_display": "100.00", "missing_lines": 0, "excluded_lines": 0}, "missing_lines": [], "excluded_lines": []}}, "classes": {"": {"executed_lines": [2, 3, 4, 5, 7, 9, 10, 13, 16, 18, 19, 20, 22, 24, 33, 34, 35, 79, 81, 82, 83, 85, 87, 96, 97, 98, 142, 143, 144, 145, 146, 147, 148, 149, 151, 152, 153, 154, 155, 157, 158, 159, 160, 161, 162, 163, 164, 167, 169, 170, 181, 183, 185, 186, 190, 192, 193, 198, 200, 202], "summary": {"covered_lines": 58, "num_statements": 140, "percent_covered": 41.42857142857143, "percent_covered_display": "41.43", "missing_lines": 82, "excluded_lines": 6}, "missing_lines": [14, 26, 27, 28, 29, 30, 37, 40, 41, 42, 43, 44, 45, 46, 48, 50, 51, 52, 54, 56, 57, 59, 60, 61, 63, 64, 67, 68, 71, 73, 75, 77, 89, 90, 91, 92, 93, 100, 103, 104, 105, 108, 109, 110, 111, 112, 113, 114, 116, 118, 120, 121, 123, 124, 125, 127, 128, 131, 132, 134, 136, 138, 140, 187, 188, 194, 207, 209, 212, 213, 214, 217, 219, 221, 222, 225, 226, 232, 234, 236, 238, 240], "excluded_lines": [76, 139, 154, 164, 195, 239]}}}, "resources/lib/mubi.py": {"executed_lines": [11, 12, 13, 14, 15, 16, 17, 18, 19, 20, 21, 22, 23, 24, 25, 26, 27, 28, 29, 30, 31, 32, 33, 34, 35, 40, 41, 42, 43, 44, 45, 49, 52, 53, 54, 55, 57, 64, 65, 66, 67, 68, 70, 71, 74, 75, 76, 79, 80, 83, 84, 87, 88, 91, 92, 93, 94, 95, 96, 97, 98, 100, 103, 104, 110, 111, 112, 114, 116, 118, 129, 132, 135, 138, 140, 141, 142, 143, 144, 145, 147, 148, 149, 151, 152, 153, 156, 157, 159, 161, 164, 165, 167, 168, 171, 173, 175, 177, 180, 181, 183, 184, 187, 189, 191, 193, 196, 197, 199, 200, 203, 205, 210, 217, 218, 219, 220, 221, 222, 223, 225, 227, 234, 235, 236, 237, 238, 239, 240, 242, 244, 251, 253, 269, 276, 277, 278, 280, 281, 283, 290, 291, 292, 294, 296, 305, 306, 308, 309, 312, 313, 314, 317, 319, 320, 322, 326, 330, 344, 352, 353, 354, 355, 357, 358, 359, 361, 362, 363, 364, 366, 367, 368, 370, 371, 375, 381, 384, 385, 388, 390, 391, 393, 395, 400, 406, 408, 411, 412, 413, 414, 415, 416, 417, 418, 420, 421, 422, 424, 429, 455, 476, 484, 486, 489, 490, 491, 492, 494, 495, 496, 498, 503, 511, 512, 513, 515, 516, 517, 518, 524, 525, 526, 527, 528, 530, 531, 532, 535, 537, 538, 540, 542, 565, 613, 621, 622, 623, 624, 625, 627, 628, 629, 630, 631, 632, 661, 662, 663, 667, 733, 734, 736, 740, 745, 750, 751, 752, 755, 756, 759, 760, 761, 764, 768, 769, 772, 773, 774, 775, 776, 779, 785, 787, 788, 789, 792, 799, 801, 802, 803, 806, 807, 808, 809, 812, 813, 814, 815, 818, 819, 821, 822, 823], "summary": {"covered_lines": 279, "num_statements": 376, "percent_covered": 74.20212765957447, "percent_covered_display": "74.20", "missing_lines": 97, "excluded_lines": 24}, "missing_lines": [162, 169, 178, 185, 194, 201, 337, 338, 339, 341, 369, 373, 386, 439, 440, 441, 442, 444, 445, 446, 447, 448, 450, 462, 463, 464, 469, 470, 472, 533, 548, 550, 553, 554, 555, 556, 558, 559, 562, 572, 573, 574, 576, 577, 578, 581, 583, 585, 592, 593, 594, 595, 596, 597, 599, 600, 601, 602, 603, 605, 608, 610, 633, 634, 636, 653, 674, 675, 676, 677, 678, 679, 680, 681, 682, 684, 698, 699, 700, 701, 702, 703, 704, 705, 708, 709, 710, 713, 714, 715, 717, 727, 729, 737, 742, 747, 765], "excluded_lines": [141, 143, 144, 148, 152, 279, 322, 324, 390, 422, 471, 496, 537, 560, 582, 607, 662, 728, 741, 746, 775, 788, 818, 822], "functions": {"Mubi.__init__": {"executed_lines": [64, 65, 66, 67, 68], "summary": {"covered_lines": 5, "num_statements": 5, "percent_covered": 100.0, "percent_covered_display": "100.00", "missing_lines": 0, "excluded_lines": 0}, "missing_lines": [], "excluded_lines": []}, "Mubi._make_api_call": {"executed_lines": [71, 74, 75, 76, 79, 80, 83, 84, 87, 88, 91, 92, 93, 94, 95, 96, 97, 98, 100, 103, 104, 110, 111, 112, 114, 116, 118, 129, 132, 135, 138, 140, 141, 142, 143, 144, 145, 147, 148, 149, 151, 152, 153, 156, 157], "summary": {"covered_lines": 40, "num_statements": 40, "percent_covered": 100.0, "percent_covered_display": "100.00", "missing_lines": 0, "excluded_lines": 5}, "missing_lines": [], "excluded_lines": [141, 143, 144, 148, 152]}, "Mubi._sanitize_headers_for_logging": {"executed_lines": [161, 164, 165, 167, 168, 171, 173], "summary": {"covered_lines": 7, "num_statements": 9, "percent_covered": 77.77777777777777, "percent_covered_display": "77.78", "missing_lines": 2, "excluded_lines": 0}, "missing_lines": [162, 169], "excluded_lines": []}, "Mubi._sanitize_params_for_logging": {"executed_lines": [177, 180, 181, 183, 184, 187, 189], "summary": {"covered_lines": 7, "num_statements": 9, "percent_covered": 77.77777777777777, "percent_covered_display": "77.78", "missing_lines": 2, "excluded_lines": 0}, "missing_lines": [178, 185], "excluded_lines": []}, "Mubi._sanitize_json_for_logging": {"executed_lines": [193, 196, 197, 199, 200, 203, 205], "summary": {"covered_lines": 7, "num_statements": 9, "percent_covered": 77.77777777777777, "percent_covered_display": "77.78", "missing_lines": 2, "excluded_lines": 0}, "missing_lines": [194, 201], "excluded_lines": []}, "Mubi.get_cli_country": {"executed_lines": [217, 218, 219, 220, 221, 222, 223, 225], "summary": {"covered_lines": 8, "num_statements": 8, "percent_covered": 100.0, "percent_covered_display": "100.00", "missing_lines": 0, "excluded_lines": 0}, "missing_lines": [], "excluded_lines": []}, "Mubi.get_cli_language": {"executed_lines": [234, 235, 236, 237, 238, 239, 240, 242], "summary": {"covered_lines": 8, "num_statements": 8, "percent_covered": 100.0, "percent_covered_display": "100.00", "missing_lines": 0, "excluded_lines": 0}, "missing_lines": [], "excluded_lines": []}, "Mubi.hea_atv_gen": {"executed_lines": [251, 253], "summary": {"covered_lines": 2, "num_statements": 2, "percent_covered": 100.0, "percent_covered_display": "100.00", "missing_lines": 0, "excluded_lines": 0}, "missing_lines": [], "excluded_lines": []}, "Mubi.hea_atv_auth": {"executed_lines": [276, 277, 278, 280, 281], "summary": {"covered_lines": 5, "num_statements": 5, "percent_covered": 100.0, "percent_covered_display": "100.00", "missing_lines": 0, "excluded_lines": 1}, "missing_lines": [], "excluded_lines": [279]}, "Mubi.get_link_code": {"executed_lines": [290, 291, 292, 294], "summary": {"covered_lines": 4, "num_statements": 4, "percent_covered": 100.0, "percent_covered_display": "100.00", "missing_lines": 0, "excluded_lines": 0}, "missing_lines": [], "excluded_lines": []}, "Mubi.authenticate": {"executed_lines": [305, 306, 308, 309, 312, 313, 314, 317, 319, 320, 322, 326], "summary": {"covered_lines": 11, "num_statements": 11, "percent_covered": 100.0, "percent_covered_display": "100.00", "missing_lines": 0, "excluded_lines": 2}, "missing_lines": [], "excluded_lines": [322, 324]}, "Mubi.log_out": {"executed_lines": [], "summary": {"covered_lines": 0, "num_statements": 4, "percent_covered": 0.0, "percent_covered_display": "0.00", "missing_lines": 4, "excluded_lines": 0}, "missing_lines": [337, 338, 339, 341], "excluded_lines": []}, "Mubi.get_film_groups": {"executed_lines": [352, 353, 354, 355, 357, 358, 359, 361, 362, 363, 364, 366, 367, 368, 370, 371, 375, 381, 384, 385, 388, 390, 391, 393, 395], "summary": {"covered_lines": 24, "num_statements": 27, "percent_covered": 88.88888888888889, "percent_covered_display": "88.89", "missing_lines": 3, "excluded_lines": 1}, "missing_lines": [369, 373, 386], "excluded_lines": [390]}, "Mubi.get_watch_list": {"executed_lines": [406, 408, 411, 412, 413, 414, 415, 416, 417, 418, 420, 421, 422, 424], "summary": {"covered_lines": 13, "num_statements": 13, "percent_covered": 100.0, "percent_covered_display": "100.00", "missing_lines": 0, "excluded_lines": 1}, "missing_lines": [], "excluded_lines": [422]}, "Mubi.get_films_in_watchlist": {"executed_lines": [], "summary": {"covered_lines": 0, "num_statements": 10, "percent_covered": 0.0, "percent_covered_display": "0.00", "missing_lines": 10, "excluded_lines": 0}, "missing_lines": [439, 440, 441, 442, 444, 445, 446, 447, 448, 450], "excluded_lines": []}, "Mubi._call_wishlist_api": {"executed_lines": [], "summary": {"covered_lines": 0, "num_statements": 6, "percent_covered": 0.0, "percent_covered_display": "0.00", "missing_lines": 6, "excluded_lines": 1}, "missing_lines": [462, 463, 464, 469, 470, 472], "excluded_lines": [471]}, "Mubi.get_film_list": {"executed_lines": [484, 486, 489, 490, 491, 492, 494, 495, 496, 498], "summary": {"covered_lines": 9, "num_statements": 9, "percent_covered": 100.0, "percent_covered_display": "100.00", "missing_lines": 0, "excluded_lines": 1}, "missing_lines": [], "excluded_lines": [496]}, "Mubi.get_films_in_category_json": {"executed_lines": [511, 512, 513, 515, 516, 517, 518, 524, 525, 526, 527, 528, 530, 531, 532, 535, 537, 538, 540], "summary": {"covered_lines": 18, "num_statements": 19, "percent_covered": 94.73684210526316, "percent_covered_display": "94.74", "missing_lines": 1, "excluded_lines": 1}, "missing_lines": [533], "excluded_lines": [537]}, "Mubi.get_episodes_list": {"executed_lines": [], "summary": {"covered_lines": 0, "num_statements": 9, "percent_covered": 0.0, "percent_covered_display": "0.00", "missing_lines": 9, "excluded_lines": 1}, "missing_lines": [548, 550, 553, 554, 555, 556, 558, 559, 562], "excluded_lines": [560]}, "Mubi.get_episodes": {"executed_lines": [], "summary": {"covered_lines": 0, "num_statements": 23, "percent_covered": 0.0, "percent_covered_display": "0.00", "missing_lines": 23, "excluded_lines": 2}, "missing_lines": [572, 573, 574, 576, 577, 578, 581, 583, 585, 592, 593, 594, 595, 596, 597, 599, 600, 601, 602, 603, 605, 608, 610], "excluded_lines": [582, 607]}, "Mubi.get_film_metadata": {"executed_lines": [621, 622, 623, 624, 625, 627, 628, 629, 630, 631, 632, 661, 662, 663], "summary": {"covered_lines": 13, "num_statements": 17, "percent_covered": 76.47058823529412, "percent_covered_display": "76.47", "missing_lines": 4, "excluded_lines": 1}, "missing_lines": [633, 634, 636, 653], "excluded_lines": [662]}, "Mubi.get_episode_metadata": {"executed_lines": [], "summary": {"covered_lines": 0, "num_statements": 27, "percent_covered": 0.0, "percent_covered_display": "0.00", "missing_lines": 27, "excluded_lines": 1}, "missing_lines": [674, 675, 676, 677, 678, 679, 680, 681, 682, 684, 698, 699, 700, 701, 702, 703, 704, 705, 708, 709, 710, 713, 714, 715, 717, 727, 729], "excluded_lines": [728]}, "Mubi.get_secure_stream_info": {"executed_lines": [734, 736, 740, 745, 750, 751, 752, 755, 756, 759, 760, 761, 764, 768, 769, 772, 773, 774, 775, 776, 779, 785, 787, 788, 789], "summary": {"covered_lines": 23, "num_statements": 27, "percent_covered": 85.18518518518519, "percent_covered_display": "85.19", "missing_lines": 4, "excluded_lines": 4}, "missing_lines": [737, 742, 747, 765], "excluded_lines": [741, 746, 775, 788]}, "Mubi.select_best_stream": {"executed_lines": [799, 801, 802, 803, 806, 807, 808, 809, 812, 813, 814, 815, 818, 819, 821, 822, 823], "summary": {"covered_lines": 15, "num_statements": 15, "percent_covered": 100.0, "percent_covered_display": "100.00", "missing_lines": 0, "excluded_lines": 2}, "missing_lines": [], "excluded_lines": [818, 822]}, "": {"executed_lines": [11, 12, 13, 14, 15, 16, 17, 18, 19, 20, 21, 22, 23, 24, 25, 26, 27, 28, 29, 30, 31, 32, 33, 34, 35, 40, 41, 42, 43, 44, 45, 49, 52, 53, 54, 55, 57, 70, 159, 175, 191, 210, 227, 244, 269, 283, 296, 330, 344, 400, 429, 455, 476, 503, 542, 565, 613, 667, 733, 792], "summary": {"covered_lines": 60, "num_statements": 60, "percent_covered": 100.0, "percent_covered_display": "100.00", "missing_lines": 0, "excluded_lines": 0}, "missing_lines": [], "excluded_lines": []}}, "classes": {"Mubi": {"executed_lines": [64, 65, 66, 67, 68, 71, 74, 75, 76, 79, 80, 83, 84, 87, 88, 91, 92, 93, 94, 95, 96, 97, 98, 100, 103, 104, 110, 111, 112, 114, 116, 118, 129, 132, 135, 138, 140, 141, 142, 143, 144, 145, 147, 148, 149, 151, 152, 153, 156, 157, 161, 164, 165, 167, 168, 171, 173, 177, 180, 181, 183, 184, 187, 189, 193, 196, 197, 199, 200, 203, 205, 217, 218, 219, 220, 221, 222, 223, 225, 234, 235, 236, 237, 238, 239, 240, 242, 251, 253, 276, 277, 278, 280, 281, 290, 291, 292, 294, 305, 306, 308, 309, 312, 313, 314, 317, 319, 320, 322, 326, 352, 353, 354, 355, 357, 358, 359, 361, 362, 363, 364, 366, 367, 368, 370, 371, 375, 381, 384, 385, 388, 390, 391, 393, 395, 406, 408, 411, 412, 413, 414, 415, 416, 417, 418, 420, 421, 422, 424, 484, 486, 489, 490, 491, 492, 494, 495, 496, 498, 511, 512, 513, 515, 516, 517, 518, 524, 525, 526, 527, 528, 530, 531, 532, 535, 537, 538, 540, 621, 622, 623, 624, 625, 627, 628, 629, 630, 631, 632, 661, 662, 663, 734, 736, 740, 745, 750, 751, 752, 755, 756, 759, 760, 761, 764, 768, 769, 772, 773, 774, 775, 776, 779, 785, 787, 788, 789, 799, 801, 802, 803, 806, 807, 808, 809, 812, 813, 814, 815, 818, 819, 821, 822, 823], "summary": {"covered_lines": 219, "num_statements": 316, "percent_covered": 69.30379746835443, "percent_covered_display": "69.30", "missing_lines": 97, "excluded_lines": 24}, "missing_lines": [162, 169, 178, 185, 194, 201, 337, 338, 339, 341, 369, 373, 386, 439, 440, 441, 442, 444, 445, 446, 447, 448, 450, 462, 463, 464, 469, 470, 472, 533, 548, 550, 553, 554, 555, 556, 558, 559, 562, 572, 573, 574, 576, 577, 578, 581, 583, 585, 592, 593, 594, 595, 596, 597, 599, 600, 601, 602, 603, 605, 608, 610, 633, 634, 636, 653, 674, 675, 676, 677, 678, 679, 680, 681, 682, 684, 698, 699, 700, 701, 702, 703, 704, 705, 708, 709, 710, 713, 714, 715, 717, 727, 729, 737, 742, 747, 765], "excluded_lines": [141, 143, 144, 148, 152, 279, 322, 324, 390, 422, 471, 496, 537, 560, 582, 607, 662, 728, 741, 746, 775, 788, 818, 822]}, "": {"executed_lines": [11, 12, 13, 14, 15, 16, 17, 18, 19, 20, 21, 22, 23, 24, 25, 26, 27, 28, 29, 30, 31, 32, 33, 34, 35, 40, 41, 42, 43, 44, 45, 49, 52, 53, 54, 55, 57, 70, 159, 175, 191, 210, 227, 244, 269, 283, 296, 330, 344, 400, 429, 455, 476, 503, 542, 565, 613, 667, 733, 792], "summary": {"covered_lines": 60, "num_statements": 60, "percent_covered": 100.0, "percent_covered_display": "100.00", "missing_lines": 0, "excluded_lines": 0}, "missing_lines": [], "excluded_lines": []}}}, "resources/lib/navigation_handler.py": {"executed_lines": [1, 2, 3, 4, 5, 6, 7, 8, 9, 10, 11, 13, 14, 19, 24, 29, 30, 34, 43, 44, 45, 46, 47, 50, 53, 60, 62, 66, 67, 68, 69, 71, 73, 74, 76, 77, 79, 80, 82, 84, 85, 93, 97, 98, 99, 100, 101, 102, 103, 104, 105, 110, 114, 115, 116, 118, 120, 121, 123, 124, 126, 127, 129, 130, 131, 132, 133, 134, 135, 136, 142, 143, 144, 145, 148, 153, 154, 156, 158, 159, 161, 162, 167, 174, 175, 177, 179, 180, 182, 183, 185, 186, 188, 189, 190, 191, 194, 196, 197, 199, 200, 201, 203, 205, 206, 208, 209, 211, 212, 214, 215, 216, 218, 220, 221, 223, 224, 226, 227, 253, 254, 255, 256, 263, 269, 271, 272, 273, 274, 276, 278, 279, 281, 283, 284, 286, 287, 289, 297, 298, 299, 301, 308, 309, 311, 313, 317, 321, 322, 326, 327, 331, 334, 341, 400, 406, 407, 408, 412, 416, 417, 418, 419, 420, 422, 424, 425, 429, 437, 442, 447, 451, 452, 453, 454, 455, 456, 462, 466, 468, 471, 490, 495, 496, 499, 500, 502, 503, 504, 506, 507, 508, 510, 511, 512, 519, 524, 525, 539, 540, 542, 572, 591], "summary": {"covered_lines": 184, "num_statements": 288, "percent_covered": 63.888888888888886, "percent_covered_display": "63.89", "missing_lines": 104, "excluded_lines": 46}, "missing_lines": [15, 16, 17, 20, 21, 22, 25, 26, 27, 106, 164, 202, 217, 229, 230, 232, 235, 236, 244, 247, 248, 251, 296, 314, 318, 323, 328, 332, 336, 337, 349, 350, 352, 355, 358, 359, 361, 364, 367, 368, 370, 373, 376, 377, 380, 381, 383, 388, 389, 390, 392, 409, 427, 431, 439, 440, 444, 459, 472, 475, 483, 484, 485, 487, 513, 515, 517, 520, 521, 522, 527, 531, 534, 537, 547, 548, 551, 552, 553, 555, 556, 557, 560, 563, 566, 568, 576, 577, 578, 582, 583, 584, 585, 586, 587, 595, 596, 597, 601, 602, 603, 604, 605, 606], "excluded_lines": [80, 107, 127, 145, 165, 186, 254, 256, 272, 281, 283, 284, 286, 287, 289, 290, 292, 293, 298, 353, 354, 362, 363, 371, 372, 384, 385, 394, 410, 424, 429, 432, 433, 445, 455, 458, 460, 488, 516, 528, 540, 569, 579, 588, 598, 607], "functions": {"LibraryMonitor.__init__": {"executed_lines": [], "summary": {"covered_lines": 0, "num_statements": 3, "percent_covered": 0.0, "percent_covered_display": "0.00", "missing_lines": 3, "excluded_lines": 0}, "missing_lines": [15, 16, 17], "excluded_lines": []}, "LibraryMonitor.onCleanFinished": {"executed_lines": [], "summary": {"covered_lines": 0, "num_statements": 3, "percent_covered": 0.0, "percent_covered_display": "0.00", "missing_lines": 3, "excluded_lines": 0}, "missing_lines": [20, 21, 22], "excluded_lines": []}, "LibraryMonitor.onScanFinished": {"executed_lines": [], "summary": {"covered_lines": 0, "num_statements": 3, "percent_covered": 0.0, "percent_covered_display": "0.00", "missing_lines": 3, "excluded_lines": 0}, "missing_lines": [25, 26, 27], "excluded_lines": []}, "NavigationHandler.__init__": {"executed_lines": [43, 44, 45, 46, 47, 50], "summary": {"covered_lines": 6, "num_statements": 6, "percent_covered": 100.0, "percent_covered_display": "100.00", "missing_lines": 0, "excluded_lines": 0}, "missing_lines": [], "excluded_lines": []}, "NavigationHandler.get_url": {"executed_lines": [60], "summary": {"covered_lines": 1, "num_statements": 1, "percent_covered": 100.0, "percent_covered_display": "100.00", "missing_lines": 0, "excluded_lines": 0}, "missing_lines": [], "excluded_lines": []}, "NavigationHandler.main_navigation": {"executed_lines": [66, 67, 68, 69, 71, 73, 74, 76, 77, 79, 80], "summary": {"covered_lines": 10, "num_statements": 10, "percent_covered": 100.0, "percent_covered_display": "100.00", "missing_lines": 0, "excluded_lines": 1}, "missing_lines": [], "excluded_lines": [80]}, "NavigationHandler._get_main_menu_items": {"executed_lines": [84, 85, 93], "summary": {"covered_lines": 3, "num_statements": 3, "percent_covered": 100.0, "percent_covered_display": "100.00", "missing_lines": 0, "excluded_lines": 0}, "missing_lines": [], "excluded_lines": []}, "NavigationHandler._add_menu_item": {"executed_lines": [98, 99, 100, 101, 102, 103, 104, 105], "summary": {"covered_lines": 8, "num_statements": 9, "percent_covered": 88.88888888888889, "percent_covered_display": "88.89", "missing_lines": 1, "excluded_lines": 1}, "missing_lines": [106], "excluded_lines": [107]}, "NavigationHandler.list_categories": {"executed_lines": [114, 115, 116, 118, 120, 121, 123, 124, 126, 127], "summary": {"covered_lines": 9, "num_statements": 9, "percent_covered": 100.0, "percent_covered_display": "100.00", "missing_lines": 0, "excluded_lines": 1}, "missing_lines": [], "excluded_lines": [127]}, "NavigationHandler._add_category_item": {"executed_lines": [130, 131, 132, 133, 134, 135, 136, 142, 143, 144, 145], "summary": {"covered_lines": 10, "num_statements": 10, "percent_covered": 100.0, "percent_covered_display": "100.00", "missing_lines": 0, "excluded_lines": 1}, "missing_lines": [], "excluded_lines": [145]}, "NavigationHandler.list_watchlist": {"executed_lines": [153, 154, 156, 158, 159, 161, 162], "summary": {"covered_lines": 7, "num_statements": 8, "percent_covered": 87.5, "percent_covered_display": "87.50", "missing_lines": 1, "excluded_lines": 1}, "missing_lines": [164], "excluded_lines": [165]}, "NavigationHandler.list_videos": {"executed_lines": [174, 175, 177, 179, 180, 182, 183, 185, 186], "summary": {"covered_lines": 8, "num_statements": 8, "percent_covered": 100.0, "percent_covered_display": "100.00", "missing_lines": 0, "excluded_lines": 1}, "missing_lines": [], "excluded_lines": [186]}, "NavigationHandler._add_film_item": {"executed_lines": [189, 190, 191, 194, 196, 197, 199, 200, 201, 203, 205, 206, 208, 209, 211, 212, 214, 215, 216, 218, 220, 221, 223, 224, 226, 227, 253, 254, 255, 256], "summary": {"covered_lines": 28, "num_statements": 39, "percent_covered": 71.7948717948718, "percent_covered_display": "71.79", "missing_lines": 11, "excluded_lines": 2}, "missing_lines": [202, 217, 229, 230, 232, 235, 236, 244, 247, 248, 251], "excluded_lines": [254, 256]}, "NavigationHandler.play_video_ext": {"executed_lines": [269, 271, 272, 273, 274, 276, 278, 279, 281, 283, 284, 286, 287, 289, 297, 298, 299], "summary": {"covered_lines": 9, "num_statements": 10, "percent_covered": 90.0, "percent_covered_display": "90.00", "missing_lines": 1, "excluded_lines": 11}, "missing_lines": [296], "excluded_lines": [272, 281, 283, 284, 286, 287, 289, 290, 292, 293, 298]}, "NavigationHandler._is_safe_url": {"executed_lines": [308, 309, 311, 313, 317, 321, 322, 326, 327, 331, 334], "summary": {"covered_lines": 11, "num_statements": 18, "percent_covered": 61.111111111111114, "percent_covered_display": "61.11", "missing_lines": 7, "excluded_lines": 0}, "missing_lines": [314, 318, 323, 328, 332, 336, 337], "excluded_lines": []}, "NavigationHandler.play_mubi_video": {"executed_lines": [], "summary": {"covered_lines": 0, "num_statements": 21, "percent_covered": 0.0, "percent_covered_display": "0.00", "missing_lines": 21, "excluded_lines": 9}, "missing_lines": [349, 350, 352, 355, 358, 359, 361, 364, 367, 368, 370, 373, 376, 377, 380, 381, 383, 388, 389, 390, 392], "excluded_lines": [353, 354, 362, 363, 371, 372, 384, 385, 394]}, "NavigationHandler.play_trailer": {"executed_lines": [406, 407, 408], "summary": {"covered_lines": 3, "num_statements": 4, "percent_covered": 75.0, "percent_covered_display": "75.00", "missing_lines": 1, "excluded_lines": 1}, "missing_lines": [409], "excluded_lines": [410]}, "NavigationHandler.log_in": {"executed_lines": [416, 417, 418, 419, 420, 422, 424, 425, 429], "summary": {"covered_lines": 7, "num_statements": 9, "percent_covered": 77.77777777777777, "percent_covered_display": "77.78", "missing_lines": 2, "excluded_lines": 4}, "missing_lines": [427, 431], "excluded_lines": [424, 429, 432, 433]}, "NavigationHandler._display_login_code": {"executed_lines": [], "summary": {"covered_lines": 0, "num_statements": 2, "percent_covered": 0.0, "percent_covered_display": "0.00", "missing_lines": 2, "excluded_lines": 0}, "missing_lines": [439, 440], "excluded_lines": []}, "NavigationHandler._handle_login_error": {"executed_lines": [], "summary": {"covered_lines": 0, "num_statements": 1, "percent_covered": 0.0, "percent_covered_display": "0.00", "missing_lines": 1, "excluded_lines": 1}, "missing_lines": [444], "excluded_lines": [445]}, "NavigationHandler.log_out": {"executed_lines": [451, 452, 453, 454, 455, 456], "summary": {"covered_lines": 5, "num_statements": 6, "percent_covered": 83.33333333333333, "percent_covered_display": "83.33", "missing_lines": 1, "excluded_lines": 3}, "missing_lines": [459], "excluded_lines": [455, 458, 460]}, "NavigationHandler._check_omdb_api_key": {"executed_lines": [466, 468, 471], "summary": {"covered_lines": 3, "num_statements": 9, "percent_covered": 33.333333333333336, "percent_covered_display": "33.33", "missing_lines": 6, "excluded_lines": 1}, "missing_lines": [472, 475, 483, 484, 485, 487], "excluded_lines": [488]}, "NavigationHandler.sync_films_locally": {"executed_lines": [495, 496, 499, 500, 502, 503, 504, 506, 507, 508, 510, 511, 512, 519, 524, 525, 539, 540], "summary": {"covered_lines": 17, "num_statements": 27, "percent_covered": 62.96296296296296, "percent_covered_display": "62.96", "missing_lines": 10, "excluded_lines": 3}, "missing_lines": [513, 515, 517, 520, 521, 522, 527, 531, 534, 537], "excluded_lines": [516, 528, 540]}, "NavigationHandler.sync_series_locally": {"executed_lines": [], "summary": {"covered_lines": 0, "num_statements": 12, "percent_covered": 0.0, "percent_covered_display": "0.00", "missing_lines": 12, "excluded_lines": 1}, "missing_lines": [547, 548, 551, 552, 553, 555, 556, 557, 560, 563, 566, 568], "excluded_lines": [569]}, "NavigationHandler.update_kodi_library": {"executed_lines": [], "summary": {"covered_lines": 0, "num_statements": 9, "percent_covered": 0.0, "percent_covered_display": "0.00", "missing_lines": 9, "excluded_lines": 2}, "missing_lines": [576, 577, 578, 582, 583, 584, 585, 586, 587], "excluded_lines": [579, 588]}, "NavigationHandler.clean_kodi_library": {"executed_lines": [], "summary": {"covered_lines": 0, "num_statements": 9, "percent_covered": 0.0, "percent_covered_display": "0.00", "missing_lines": 9, "excluded_lines": 2}, "missing_lines": [595, 596, 597, 601, 602, 603, 604, 605, 606], "excluded_lines": [598, 607]}, "": {"executed_lines": [1, 2, 3, 4, 5, 6, 7, 8, 9, 10, 11, 13, 14, 19, 24, 29, 30, 34, 53, 62, 82, 97, 110, 129, 148, 167, 188, 263, 301, 341, 400, 412, 437, 442, 447, 462, 490, 542, 572, 591], "summary": {"covered_lines": 39, "num_statements": 39, "percent_covered": 100.0, "percent_covered_display": "100.00", "missing_lines": 0, "excluded_lines": 0}, "missing_lines": [], "excluded_lines": []}}, "classes": {"LibraryMonitor": {"executed_lines": [], "summary": {"covered_lines": 0, "num_statements": 9, "percent_covered": 0.0, "percent_covered_display": "0.00", "missing_lines": 9, "excluded_lines": 0}, "missing_lines": [15, 16, 17, 20, 21, 22, 25, 26, 27], "excluded_lines": []}, "NavigationHandler": {"executed_lines": [43, 44, 45, 46, 47, 50, 60, 66, 67, 68, 69, 71, 73, 74, 76, 77, 79, 80, 84, 85, 93, 98, 99, 100, 101, 102, 103, 104, 105, 114, 115, 116, 118, 120, 121, 123, 124, 126, 127, 130, 131, 132, 133, 134, 135, 136, 142, 143, 144, 145, 153, 154, 156, 158, 159, 161, 162, 174, 175, 177, 179, 180, 182, 183, 185, 186, 189, 190, 191, 194, 196, 197, 199, 200, 201, 203, 205, 206, 208, 209, 211, 212, 214, 215, 216, 218, 220, 221, 223, 224, 226, 227, 253, 254, 255, 256, 269, 271, 272, 273, 274, 276, 278, 279, 281, 283, 284, 286, 287, 289, 297, 298, 299, 308, 309, 311, 313, 317, 321, 322, 326, 327, 331, 334, 406, 407, 408, 416, 417, 418, 419, 420, 422, 424, 425, 429, 451, 452, 453, 454, 455, 456, 466, 468, 471, 495, 496, 499, 500, 502, 503, 504, 506, 507, 508, 510, 511, 512, 519, 524, 525, 539, 540], "summary": {"covered_lines": 145, "num_statements": 240, "percent_covered": 60.416666666666664, "percent_covered_display": "60.42", "missing_lines": 95, "excluded_lines": 46}, "missing_lines": [106, 164, 202, 217, 229, 230, 232, 235, 236, 244, 247, 248, 251, 296, 314, 318, 323, 328, 332, 336, 337, 349, 350, 352, 355, 358, 359, 361, 364, 367, 368, 370, 373, 376, 377, 380, 381, 383, 388, 389, 390, 392, 409, 427, 431, 439, 440, 444, 459, 472, 475, 483, 484, 485, 487, 513, 515, 517, 520, 521, 522, 527, 531, 534, 537, 547, 548, 551, 552, 553, 555, 556, 557, 560, 563, 566, 568, 576, 577, 578, 582, 583, 584, 585, 586, 587, 595, 596, 597, 601, 602, 603, 604, 605, 606], "excluded_lines": [80, 107, 127, 145, 165, 186, 254, 256, 272, 281, 283, 284, 286, 287, 289, 290, 292, 293, 298, 353, 354, 362, 363, 371, 372, 384, 385, 394, 410, 424, 429, 432, 433, 445, 455, 458, 460, 488, 516, 528, 540, 569, 579, 588, 598, 607]}, "": {"executed_lines": [1, 2, 3, 4, 5, 6, 7, 8, 9, 10, 11, 13, 14, 19, 24, 29, 30, 34, 53, 62, 82, 97, 110, 129, 148, 167, 188, 263, 301, 341, 400, 412, 437, 442, 447, 462, 490, 542, 572, 591], "summary": {"covered_lines": 39, "num_statements": 39, "percent_covered": 100.0, "percent_covered_display": "100.00", "missing_lines": 0, "excluded_lines": 0}, "missing_lines": [], "excluded_lines": []}}}, "resources/lib/playback.py": {"executed_lines": [1, 2, 3, 4, 5, 6, 7, 9, 17, 18, 19, 21, 30, 31, 34, 43, 45, 46, 47, 48, 49, 50, 52, 54, 57, 59, 62, 68, 70, 71, 72, 73, 74, 75, 76, 77, 78, 79, 82, 83, 84, 87, 89, 92, 93, 96, 98, 99, 100, 101, 102, 103], "summary": {"covered_lines": 48, "num_statements": 48, "percent_covered": 100.0, "percent_covered_display": "100.00", "missing_lines": 0, "excluded_lines": 4}, "missing_lines": [], "excluded_lines": [99, 100, 102, 103], "functions": {"generate_drm_license_key": {"executed_lines": [17, 18, 19, 21, 30, 31], "summary": {"covered_lines": 6, "num_statements": 6, "percent_covered": 100.0, "percent_covered_display": "100.00", "missing_lines": 0, "excluded_lines": 0}, "missing_lines": [], "excluded_lines": []}, "play_with_inputstream_adaptive": {"executed_lines": [43, 45, 46, 47, 48, 49, 50, 52, 54, 57, 59, 62, 68, 70, 71, 72, 73, 74, 75, 76, 77, 78, 79, 82, 83, 84, 87, 89, 92, 93, 96, 98, 99, 100, 101, 102, 103], "summary": {"covered_lines": 33, "num_statements": 33, "percent_covered": 100.0, "percent_covered_display": "100.00", "missing_lines": 0, "excluded_lines": 4}, "missing_lines": [], "excluded_lines": [99, 100, 102, 103]}, "": {"executed_lines": [1, 2, 3, 4, 5, 6, 7, 9, 34], "summary": {"covered_lines": 9, "num_statements": 9, "percent_covered": 100.0, "percent_covered_display": "100.00", "missing_lines": 0, "excluded_lines": 0}, "missing_lines": [], "excluded_lines": []}}, "classes": {"": {"executed_lines": [1, 2, 3, 4, 5, 6, 7, 9, 17, 18, 19, 21, 30, 31, 34, 43, 45, 46, 47, 48, 49, 50, 52, 54, 57, 59, 62, 68, 70, 71, 72, 73, 74, 75, 76, 77, 78, 79, 82, 83, 84, 87, 89, 92, 93, 96, 98, 99, 100, 101, 102, 103], "summary": {"covered_lines": 48, "num_statements": 48, "percent_covered": 100.0, "percent_covered_display": "100.00", "missing_lines": 0, "excluded_lines": 4}, "missing_lines": [], "excluded_lines": [99, 100, 102, 103]}}}, "resources/lib/serie_library.py": {"executed_lines": [1, 2, 3, 4, 5, 6, 7, 8, 9, 10, 12, 13, 14, 16, 24, 27, 96, 100, 182], "summary": {"covered_lines": 19, "num_statements": 127, "percent_covered": 14.960629921259843, "percent_covered_display": "14.96", "missing_lines": 108, "excluded_lines": 9}, "missing_lines": [17, 18, 20, 21, 22, 25, 36, 37, 38, 41, 42, 43, 45, 47, 48, 49, 52, 53, 54, 55, 58, 59, 60, 63, 64, 65, 66, 67, 68, 72, 75, 83, 90, 93, 98, 117, 118, 119, 121, 123, 126, 127, 128, 130, 133, 134, 137, 138, 139, 140, 142, 144, 146, 147, 148, 149, 151, 153, 155, 156, 159, 160, 163, 164, 168, 171, 172, 173, 175, 177, 179, 190, 191, 192, 193, 194, 195, 196, 197, 200, 203, 206, 207, 208, 211, 212, 213, 215, 218, 219, 220, 221, 224, 225, 226, 227, 228, 231, 232, 233, 235, 236, 238, 239, 240, 241, 243, 246], "excluded_lines": [19, 120, 129, 141, 150, 178, 214, 242, 244], "functions": {"Serie_Library.__init__": {"executed_lines": [14], "summary": {"covered_lines": 1, "num_statements": 1, "percent_covered": 100.0, "percent_covered_display": "100.00", "missing_lines": 0, "excluded_lines": 0}, "missing_lines": [], "excluded_lines": []}, "Serie_Library.add_episode": {"executed_lines": [], "summary": {"covered_lines": 0, "num_statements": 5, "percent_covered": 0.0, "percent_covered_display": "0.00", "missing_lines": 5, "excluded_lines": 1}, "missing_lines": [17, 18, 20, 21, 22], "excluded_lines": [19]}, "Serie_Library.__len__": {"executed_lines": [], "summary": {"covered_lines": 0, "num_statements": 1, "percent_covered": 0.0, "percent_covered_display": "0.00", "missing_lines": 1, "excluded_lines": 0}, "missing_lines": [25], "excluded_lines": []}, "Serie_Library.sync_locally": {"executed_lines": [], "summary": {"covered_lines": 0, "num_statements": 28, "percent_covered": 0.0, "percent_covered_display": "0.00", "missing_lines": 28, "excluded_lines": 0}, "missing_lines": [36, 37, 38, 41, 42, 43, 45, 47, 48, 49, 52, 53, 54, 55, 58, 59, 60, 63, 64, 65, 66, 67, 68, 72, 75, 83, 90, 93], "excluded_lines": []}, "Serie_Library.is_episode_valid": {"executed_lines": [], "summary": {"covered_lines": 0, "num_statements": 1, "percent_covered": 0.0, "percent_covered_display": "0.00", "missing_lines": 1, "excluded_lines": 0}, "missing_lines": [98], "excluded_lines": []}, "Serie_Library.prepare_files_for_episode": {"executed_lines": [], "summary": {"covered_lines": 0, "num_statements": 36, "percent_covered": 0.0, "percent_covered_display": "0.00", "missing_lines": 36, "excluded_lines": 5}, "missing_lines": [117, 118, 119, 121, 123, 126, 127, 128, 130, 133, 134, 137, 138, 139, 140, 142, 144, 146, 147, 148, 149, 151, 153, 155, 156, 159, 160, 163, 164, 168, 171, 172, 173, 175, 177, 179], "excluded_lines": [120, 129, 141, 150, 178]}, "Serie_Library.remove_obsolete_files": {"executed_lines": [], "summary": {"covered_lines": 0, "num_statements": 37, "percent_covered": 0.0, "percent_covered_display": "0.00", "missing_lines": 37, "excluded_lines": 3}, "missing_lines": [190, 191, 192, 193, 194, 195, 196, 197, 200, 203, 206, 207, 208, 211, 212, 213, 215, 218, 219, 220, 221, 224, 225, 226, 227, 228, 231, 232, 233, 235, 236, 238, 239, 240, 241, 243, 246], "excluded_lines": [214, 242, 244]}, "": {"executed_lines": [1, 2, 3, 4, 5, 6, 7, 8, 9, 10, 12, 13, 16, 24, 27, 96, 100, 182], "summary": {"covered_lines": 18, "num_statements": 18, "percent_covered": 100.0, "percent_covered_display": "100.00", "missing_lines": 0, "excluded_lines": 0}, "missing_lines": [], "excluded_lines": []}}, "classes": {"Serie_Library": {"executed_lines": [14], "summary": {"covered_lines": 1, "num_statements": 109, "percent_covered": 0.9174311926605505, "percent_covered_display": "0.92", "missing_lines": 108, "excluded_lines": 9}, "missing_lines": [17, 18, 20, 21, 22, 25, 36, 37, 38, 41, 42, 43, 45, 47, 48, 49, 52, 53, 54, 55, 58, 59, 60, 63, 64, 65, 66, 67, 68, 72, 75, 83, 90, 93, 98, 117, 118, 119, 121, 123, 126, 127, 128, 130, 133, 134, 137, 138, 139, 140, 142, 144, 146, 147, 148, 149, 151, 153, 155, 156, 159, 160, 163, 164, 168, 171, 172, 173, 175, 177, 179, 190, 191, 192, 193, 194, 195, 196, 197, 200, 203, 206, 207, 208, 211, 212, 213, 215, 218, 219, 220, 221, 224, 225, 226, 227, 228, 231, 232, 233, 235, 236, 238, 239, 240, 241, 243, 246], "excluded_lines": [19, 120, 129, 141, 150, 178, 214, 242, 244]}, "": {"executed_lines": [1, 2, 3, 4, 5, 6, 7, 8, 9, 10, 12, 13, 16, 24, 27, 96, 100, 182], "summary": {"covered_lines": 18, "num_statements": 18, "percent_covered": 100.0, "percent_covered_display": "100.00", "missing_lines": 0, "excluded_lines": 0}, "missing_lines": [], "excluded_lines": []}}}, "resources/lib/session_manager.py": {"executed_lines": [1, 2, 4, 5, 9, 15, 16, 17, 18, 19, 20, 21, 23, 29, 30, 31, 32, 33, 34, 35, 36, 37, 38, 40, 46, 47, 48, 49, 50, 52, 59, 60, 61, 62, 63, 64, 66, 73, 74, 75, 76, 77, 78, 79, 80, 81, 82, 85, 89, 90, 91, 92, 93, 94, 95, 96, 97, 98, 100, 106, 107, 108, 109, 113, 119, 120, 121, 122, 126, 133, 134, 135, 136, 137], "summary": {"covered_lines": 67, "num_statements": 69, "percent_covered": 97.10144927536231, "percent_covered_display": "97.10", "missing_lines": 2, "excluded_lines": 8}, "missing_lines": [110, 123], "excluded_lines": [37, 49, 63, 82, 98, 111, 124, 136], "functions": {"SessionManager.__init__": {"executed_lines": [15, 16, 17, 18, 19, 20, 21], "summary": {"covered_lines": 7, "num_statements": 7, "percent_covered": 100.0, "percent_covered_display": "100.00", "missing_lines": 0, "excluded_lines": 0}, "missing_lines": [], "excluded_lines": []}, "SessionManager.get_or_generate_device_id": {"executed_lines": [29, 30, 31, 32, 33, 34, 35, 36, 37, 38], "summary": {"covered_lines": 9, "num_statements": 9, "percent_covered": 100.0, "percent_covered_display": "100.00", "missing_lines": 0, "excluded_lines": 1}, "missing_lines": [], "excluded_lines": [37]}, "SessionManager.generate_device_id": {"executed_lines": [46, 47, 48, 49, 50], "summary": {"covered_lines": 4, "num_statements": 4, "percent_covered": 100.0, "percent_covered_display": "100.00", "missing_lines": 0, "excluded_lines": 1}, "missing_lines": [], "excluded_lines": [49]}, "SessionManager._code_gen": {"executed_lines": [59, 60, 61, 62, 63, 64], "summary": {"covered_lines": 5, "num_statements": 5, "percent_covered": 100.0, "percent_covered_display": "100.00", "missing_lines": 0, "excluded_lines": 1}, "missing_lines": [], "excluded_lines": [63]}, "SessionManager.set_logged_in": {"executed_lines": [73, 74, 75, 76, 77, 78, 79, 80, 81, 82], "summary": {"covered_lines": 9, "num_statements": 9, "percent_covered": 100.0, "percent_covered_display": "100.00", "missing_lines": 0, "excluded_lines": 1}, "missing_lines": [], "excluded_lines": [82]}, "SessionManager.set_logged_out": {"executed_lines": [89, 90, 91, 92, 93, 94, 95, 96, 97, 98], "summary": {"covered_lines": 9, "num_statements": 9, "percent_covered": 100.0, "percent_covered_display": "100.00", "missing_lines": 0, "excluded_lines": 1}, "missing_lines": [], "excluded_lines": [98]}, "SessionManager.set_client_country": {"executed_lines": [106, 107, 108, 109], "summary": {"covered_lines": 4, "num_statements": 5, "percent_covered": 80.0, "percent_covered_display": "80.00", "missing_lines": 1, "excluded_lines": 1}, "missing_lines": [110], "excluded_lines": [111]}, "SessionManager.set_client_language": {"executed_lines": [119, 120, 121, 122], "summary": {"covered_lines": 4, "num_statements": 5, "percent_covered": 80.0, "percent_covered_display": "80.00", "missing_lines": 1, "excluded_lines": 1}, "missing_lines": [123], "excluded_lines": [124]}, "SessionManager._get_plugin_setting": {"executed_lines": [133, 134, 135, 136, 137], "summary": {"covered_lines": 4, "num_statements": 4, "percent_covered": 100.0, "percent_covered_display": "100.00", "missing_lines": 0, "excluded_lines": 1}, "missing_lines": [], "excluded_lines": [136]}, "": {"executed_lines": [1, 2, 4, 5, 9, 23, 40, 52, 66, 85, 100, 113, 126], "summary": {"covered_lines": 12, "num_statements": 12, "percent_covered": 100.0, "percent_covered_display": "100.00", "missing_lines": 0, "excluded_lines": 0}, "missing_lines": [], "excluded_lines": []}}, "classes": {"SessionManager": {"executed_lines": [15, 16, 17, 18, 19, 20, 21, 29, 30, 31, 32, 33, 34, 35, 36, 37, 38, 46, 47, 48, 49, 50, 59, 60, 61, 62, 63, 64, 73, 74, 75, 76, 77, 78, 79, 80, 81, 82, 89, 90, 91, 92, 93, 94, 95, 96, 97, 98, 106, 107, 108, 109, 119, 120, 121, 122, 133, 134, 135, 136, 137], "summary": {"covered_lines": 55, "num_statements": 57, "percent_covered": 96.49122807017544, "percent_covered_display": "96.49", "missing_lines": 2, "excluded_lines": 8}, "missing_lines": [110, 123], "excluded_lines": [37, 49, 63, 82, 98, 111, 124, 136]}, "": {"executed_lines": [1, 2, 4, 5, 9, 23, 40, 52, 66, 85, 100, 113, 126], "summary": {"covered_lines": 12, "num_statements": 12, "percent_covered": 100.0, "percent_covered_display": "100.00", "missing_lines": 0, "excluded_lines": 0}, "missing_lines": [], "excluded_lines": []}}}}, "totals": {"covered_lines": 992, "num_statements": 1652, "percent_covered": 60.04842615012107, "percent_covered_display": "60.05", "missing_lines": 660, "excluded_lines": 125}}